0 info it worked if it ends with ok
1 verbose cli [ '/usr/local/bin/node', '/usr/local/bin/npm', 'publish' ]
2 info using npm@3.10.6
3 info using node@v6.3.1
4 verbose publish [ '.' ]
5 silly cache add args [ '.', null ]
6 verbose cache add spec .
7 silly cache add parsed spec Result {
7 silly cache add   raw: '.',
7 silly cache add   scope: null,
7 silly cache add   escapedName: null,
7 silly cache add   name: null,
7 silly cache add   rawSpec: '.',
7 silly cache add   spec: '/Users/ekenney/repoman/repositories/github/eslint-config-spotx',
7 silly cache add   type: 'directory' }
8 verbose addLocalDirectory /Users/ekenney/.npm/eslint-config-spotx/1.0.0/package.tgz not in flight; packing
9 verbose correctMkdir /Users/ekenney/.npm correctMkdir not in flight; initializing
10 info lifecycle eslint-config-spotx@1.0.0~prepublish: eslint-config-spotx@1.0.0
11 silly lifecycle eslint-config-spotx@1.0.0~prepublish: no script for prepublish, continuing
12 verbose tar pack [ '/Users/ekenney/.npm/eslint-config-spotx/1.0.0/package.tgz',
12 verbose tar pack   '/Users/ekenney/repoman/repositories/github/eslint-config-spotx' ]
13 verbose tarball /Users/ekenney/.npm/eslint-config-spotx/1.0.0/package.tgz
14 verbose folder /Users/ekenney/repoman/repositories/github/eslint-config-spotx
15 verbose addLocalTarball adding from inside cache /Users/ekenney/.npm/eslint-config-spotx/1.0.0/package.tgz
16 verbose correctMkdir /Users/ekenney/.npm correctMkdir not in flight; initializing
17 silly cache afterAdd eslint-config-spotx@1.0.0
18 verbose afterAdd /Users/ekenney/.npm/eslint-config-spotx/1.0.0/package/package.json not in flight; writing
19 verbose correctMkdir /Users/ekenney/.npm correctMkdir not in flight; initializing
20 verbose afterAdd /Users/ekenney/.npm/eslint-config-spotx/1.0.0/package/package.json written
21 silly publish { name: 'eslint-config-spotx',
21 silly publish   version: '1.0.0',
21 silly publish   description: 'ESLint configuration for SpotX JS Applications',
21 silly publish   main: 'index.js',
21 silly publish   scripts: { test: 'echo "Error: no test specified" && exit 1' },
21 silly publish   repository:
21 silly publish    { type: 'git',
21 silly publish      url: 'git+https://github.com/spotxchange/eslint-config-spotx.git' },
21 silly publish   keywords: [ 'eslint', 'eslintconfig' ],
21 silly publish   author: { name: 'SpotX' },
21 silly publish   license: 'ISC',
21 silly publish   bugs: { url: 'https://github.com/spotxchange/eslint-config-spotx/issues' },
21 silly publish   homepage: 'https://github.com/spotxchange/eslint-config-spotx#readme',
21 silly publish   peerDependencies: { eslint: '^3.19.0' },
21 silly publish   readme: '# SpotX\'s ESLint Config\n\n## Usage\n\nAdd this module as a depency in package.json.\n\n```\nnpm install eslint-config-spotx --save-dev\n```\n\nIn your .eslintrc.js file, extend the `spotx` config:\n\n```\n"extends": "spotx"\n```',
21 silly publish   readmeFilename: 'README.md',
21 silly publish   gitHead: '8ed31c87f77bc18a8c050105f1e8a1e5ca4194b3',
21 silly publish   _id: 'eslint-config-spotx@1.0.0',
21 silly publish   _shasum: 'afcaecca5f568b3f24b76b31f35a154fe8eabcd3',
21 silly publish   _from: '.' }
22 verbose getPublishConfig undefined
23 silly mapToRegistry name eslint-config-spotx
24 silly mapToRegistry using default registry
25 silly mapToRegistry registry https://registry.npmjs.org/
26 silly mapToRegistry data Result {
26 silly mapToRegistry   raw: 'eslint-config-spotx',
26 silly mapToRegistry   scope: null,
26 silly mapToRegistry   escapedName: 'eslint-config-spotx',
26 silly mapToRegistry   name: 'eslint-config-spotx',
26 silly mapToRegistry   rawSpec: '',
26 silly mapToRegistry   spec: 'latest',
26 silly mapToRegistry   type: 'tag' }
27 silly mapToRegistry uri https://registry.npmjs.org/eslint-config-spotx
28 verbose publish registryBase https://registry.npmjs.org/
29 silly publish uploading /Users/ekenney/.npm/eslint-config-spotx/1.0.0/package.tgz
30 verbose request uri https://registry.npmjs.org/eslint-config-spotx
31 verbose request sending authorization for write operation
32 info attempt registry request try #1 at 9:51:44 AM
33 verbose request using bearer token for auth
34 verbose request id 2f062fd0687b38bf
35 http request PUT https://registry.npmjs.org/eslint-config-spotx
36 http 403 https://registry.npmjs.org/eslint-config-spotx
37 verbose headers { 'content-type': 'application/json',
37 verbose headers   'cache-control': 'max-age=300',
37 verbose headers   'content-length': '95',
37 verbose headers   'accept-ranges': 'bytes',
37 verbose headers   date: 'Fri, 14 Apr 2017 15:51:45 GMT',
37 verbose headers   via: '1.1 varnish',
37 verbose headers   connection: 'keep-alive',
37 verbose headers   'x-served-by': 'cache-dfw1834-DFW',
37 verbose headers   'x-cache': 'MISS',
37 verbose headers   'x-cache-hits': '0',
37 verbose headers   'x-timer': 'S1492185104.365522,VS0,VE748',
37 verbose headers   vary: 'Accept-Encoding' }
38 verbose request invalidating /Users/ekenney/.npm/registry.npmjs.org/eslint-config-spotx on PUT
39 error publish Failed PUT 403
40 verbose stack Error: "You cannot publish over the previously published version 1.0.0." : eslint-config-spotx
40 verbose stack     at makeError (/usr/local/lib/node_modules/npm/node_modules/npm-registry-client/lib/request.js:264:12)
40 verbose stack     at CachingRegistryClient.<anonymous> (/usr/local/lib/node_modules/npm/node_modules/npm-registry-client/lib/request.js:252:14)
40 verbose stack     at Request._callback (/usr/local/lib/node_modules/npm/node_modules/npm-registry-client/lib/request.js:172:14)
40 verbose stack     at Request.self.callback (/usr/local/lib/node_modules/npm/node_modules/request/request.js:200:22)
40 verbose stack     at emitTwo (events.js:106:13)
40 verbose stack     at Request.emit (events.js:191:7)
40 verbose stack     at Request.<anonymous> (/usr/local/lib/node_modules/npm/node_modules/request/request.js:1067:10)
40 verbose stack     at emitOne (events.js:101:20)
40 verbose stack     at Request.emit (events.js:188:7)
40 verbose stack     at IncomingMessage.<anonymous> (/usr/local/lib/node_modules/npm/node_modules/request/request.js:988:12)
41 verbose statusCode 403
42 verbose pkgid eslint-config-spotx
43 verbose cwd /Users/ekenney/repoman/repositories/github/eslint-config-spotx
44 error Darwin 15.6.0
45 error argv "/usr/local/bin/node" "/usr/local/bin/npm" "publish"
46 error node v6.3.1
47 error npm  v3.10.6
48 error code E403
49 error "You cannot publish over the previously published version 1.0.0." : eslint-config-spotx
50 error If you need help, you may report this error at:
50 error     <https://github.com/npm/npm/issues>
51 verbose exit [ 1, true ]
